2017-12-18 10:32:33,892 Instabot Started
2017-12-18 10:32:38,824 Login success as bpstudio96!
2017-12-18 10:32:41,255 Received 58 medias.
2017-12-18 10:32:41,255 After filtration 54 medias left.
2017-12-18 10:32:41,255 Going to like 54 medias.
2017-12-18 10:32:51,727 Bot stopped. Worked: 0:00:17.834425
2017-12-18 10:32:51,727 Total liked: 1
2017-12-18 10:32:51,727 Total requests: 5
2017-12-18 10:35:11,333 Instabot Started
2017-12-18 10:35:14,684 Login success as bpstudio96!
2017-12-18 10:35:17,267 Received 59 medias.
2017-12-18 10:35:17,268 After filtration 54 medias left.
2017-12-18 10:35:17,268 Going to like 54 medias.
2017-12-18 10:35:31,269 Bot stopped. Worked: 0:02:57.376508
2017-12-18 10:35:31,269 Total liked: 3
2017-12-18 10:35:31,269 Total requests: 8
2017-12-18 10:37:29,954 Instabot Started
2017-12-18 10:37:33,130 Login success as bpstudio96!
2017-12-18 10:37:35,892 Received 59 medias.
2017-12-18 10:37:35,892 After filtration 52 medias left.
2017-12-18 10:37:35,892 Going to like 52 medias.
2017-12-18 10:37:44,187 Bot stopped. Worked: 0:05:10.294288
2017-12-18 10:37:44,187 Total liked: 4
2017-12-18 10:37:44,187 Total requests: 10
2017-12-18 10:39:04,035 Instabot Started
2017-12-18 10:39:07,034 Login success as bpstudio96!
2017-12-18 10:39:09,830 Received 59 medias.
2017-12-18 10:39:09,830 After filtration 51 medias left.
2017-12-18 10:39:09,831 Going to like 51 medias.
2017-12-18 10:39:13,385 Bot stopped. Worked: 0:06:39.492976
2017-12-18 10:39:13,386 Total liked: 5
2017-12-18 10:39:13,386 Total requests: 12
2017-12-18 10:39:32,652 Instabot Started
2017-12-18 10:39:35,604 Login success as bpstudio96!
2017-12-18 10:39:40,315 Bot stopped. Worked: 0:07:06.422186
2017-12-18 10:39:40,315 Total liked: 5
2017-12-18 10:39:40,315 Total requests: 13
2017-12-18 10:41:59,166 Instabot Started
2017-12-18 10:42:02,040 Login success as bpstudio96!
2017-12-18 10:42:04,599 Bot stopped. Worked: 0:09:30.706867
2017-12-18 10:42:04,600 Total liked: 5
2017-12-18 10:42:04,600 Total requests: 14
2017-12-18 10:43:07,615 Instabot Started
2017-12-18 10:43:10,651 Login success as bpstudio96!
2017-12-18 10:43:17,516 Bot stopped. Worked: 0:10:43.623467
2017-12-18 10:43:17,516 Total liked: 5
2017-12-18 10:43:17,516 Total requests: 22
2017-12-18 10:51:54,077 Instabot Started
2017-12-18 10:51:57,985 Login success as bpstudio96!
2017-12-18 10:51:58,905 Bot stopped. Worked: 0:19:25.012198
2017-12-18 10:51:58,908 Total liked: 5
2017-12-18 10:51:58,908 Total requests: 22
2017-12-18 10:52:13,818 Instabot Started
2017-12-18 10:52:16,730 Login success as bpstudio96!
2017-12-18 10:52:22,557 Bot stopped. Worked: 0:19:48.664757
2017-12-18 10:52:22,557 Total liked: 5
2017-12-18 10:52:22,557 Total requests: 25
2017-12-18 10:54:52,062 Instabot Started
2017-12-18 10:54:54,831 Login success as bpstudio96!
2017-12-18 10:54:59,131 Bot stopped. Worked: 0:22:25.238970
2017-12-18 10:54:59,135 Total liked: 5
2017-12-18 10:54:59,135 Total requests: 28
2017-12-18 10:56:04,785 Instabot Started
2017-12-18 10:56:07,534 Login success as bpstudio96!
2017-12-18 10:57:22,059 Instabot Started
2017-12-18 10:57:25,465 Login success as bpstudio96!
2017-12-18 10:57:28,074 Bot stopped. Worked: 0:24:54.181896
2017-12-18 10:57:28,075 Total liked: 5
2017-12-18 10:57:28,075 Total requests: 32
2017-12-18 10:57:36,795 Instabot Started
2017-12-18 10:57:40,834 Login success as bpstudio96!
2017-12-18 10:57:46,453 Bot stopped. Worked: 0:25:12.560625
2017-12-18 10:57:46,453 Total liked: 5
2017-12-18 10:57:46,453 Total requests: 35
2017-12-18 10:59:10,906 Instabot Started
2017-12-18 10:59:14,827 Login success as bpstudio96!
2017-12-18 10:59:18,214 Bot stopped. Worked: 0:26:44.321882
2017-12-18 10:59:18,215 Total liked: 5
2017-12-18 10:59:18,215 Total requests: 38
2017-12-18 11:00:23,562 Instabot Started
2017-12-18 11:00:26,507 Login success as bpstudio96!
2017-12-18 11:00:29,887 Bot stopped. Worked: 0:27:55.995092
2017-12-18 11:00:29,888 Total liked: 5
2017-12-18 11:00:29,888 Total requests: 40
2017-12-18 11:00:41,081 Instabot Started
2017-12-18 11:00:44,121 Login success as bpstudio96!
2017-12-18 11:00:50,366 Bot stopped. Worked: 0:28:16.473489
2017-12-18 11:00:50,366 Total liked: 5
2017-12-18 11:00:50,366 Total requests: 43
2017-12-18 11:01:34,035 Instabot Started
2017-12-18 11:01:36,951 Login success as bpstudio96!
2017-12-18 11:01:39,508 Bot stopped. Worked: 0:29:05.615984
2017-12-18 11:01:39,509 Total liked: 5
2017-12-18 11:01:39,509 Total requests: 45
2017-12-18 11:02:38,729 Instabot Started
2017-12-18 11:02:41,560 Login success as bpstudio96!
2017-12-18 11:02:46,781 Bot stopped. Worked: 0:30:12.888902
2017-12-18 11:02:46,782 Total liked: 5
2017-12-18 11:02:46,782 Total requests: 48
2017-12-18 11:03:23,829 Instabot Started
2017-12-18 11:03:26,923 Login success as bpstudio96!
2017-12-18 11:03:32,862 Bot stopped. Worked: 0:30:58.969338
2017-12-18 11:03:32,862 Total liked: 5
2017-12-18 11:03:32,862 Total requests: 51
2017-12-18 11:04:34,287 Instabot Started
2017-12-18 11:04:37,375 Login success as bpstudio96!
2017-12-18 11:04:41,574 Bot stopped. Worked: 0:32:07.681405
2017-12-18 11:04:41,574 Total liked: 5
2017-12-18 11:04:41,574 Total requests: 54
2017-12-18 11:06:01,105 Instabot Started
2017-12-18 11:06:06,778 Login success as bpstudio96!
2017-12-18 11:06:14,455 Bot stopped. Worked: 0:33:40.563061
2017-12-18 11:06:14,456 Total liked: 5
2017-12-18 11:06:14,456 Total requests: 57
2017-12-18 11:06:47,288 Instabot Started
2017-12-18 11:06:51,017 Login success as bpstudio96!
2017-12-18 11:07:00,643 Received 12 medias.
2017-12-18 11:07:00,643 After filtration 3 medias left.
2017-12-18 11:07:02,071 Follow followers of: 614241040
2017-12-18 11:07:06,475 Bot stopped. Worked: 0:34:32.582872
2017-12-18 11:07:06,475 Total liked: 6
2017-12-18 11:07:06,476 Total requests: 69
2017-12-18 11:08:31,901 Instabot Started
2017-12-18 11:08:36,077 Login success as bpstudio96!
2017-12-18 11:08:42,424 Bot stopped. Worked: 0:36:08.532013
2017-12-18 11:08:42,425 Total liked: 6
2017-12-18 11:08:42,425 Total requests: 72
2017-12-18 11:08:52,921 Instabot Started
2017-12-18 11:08:56,145 Login success as bpstudio96!
2017-12-18 11:09:00,958 Bot stopped. Worked: 0:36:27.065258
2017-12-18 11:09:00,958 Total liked: 6
2017-12-18 11:09:00,958 Total requests: 75
2017-12-18 11:10:34,583 Instabot Started
2017-12-18 11:10:38,734 Login success as bpstudio96!
2017-12-18 11:10:50,849 Instabot Started
2017-12-18 11:10:54,112 Login success as bpstudio96!
2017-12-18 11:10:57,182 Bot stopped. Worked: 0:38:23.290074
2017-12-18 11:10:57,183 Total liked: 6
2017-12-18 11:10:57,183 Total requests: 79
2017-12-18 11:11:08,872 Instabot Started
2017-12-18 11:11:13,054 Login success as bpstudio96!
2017-12-18 11:11:18,686 Bot stopped. Worked: 0:38:44.793305
2017-12-18 11:11:18,686 Total liked: 6
2017-12-18 11:11:18,686 Total requests: 82
2017-12-18 11:11:58,700 Instabot Started
2017-12-18 11:12:02,003 Login success as bpstudio96!
2017-12-18 11:12:06,405 Bot stopped. Worked: 0:39:32.512878
2017-12-18 11:12:06,406 Total liked: 6
2017-12-18 11:12:06,406 Total requests: 86
2017-12-18 11:12:18,499 Instabot Started
2017-12-18 11:12:21,254 Login success as bpstudio96!
2017-12-18 11:12:24,836 Bot stopped. Worked: 0:39:50.943846
2017-12-18 11:12:24,836 Total liked: 6
2017-12-18 11:12:24,837 Total requests: 89
2017-12-18 11:13:45,052 Instabot Started
2017-12-18 11:13:48,604 Login success as bpstudio96!
2017-12-18 11:13:54,334 Bot stopped. Worked: 0:41:20.441947
2017-12-18 11:13:54,335 Total liked: 6
2017-12-18 11:13:54,335 Total requests: 93
2017-12-18 11:18:36,095 Instabot Started
2017-12-18 11:18:39,624 Login success as bpstudio96!
2017-12-18 11:19:04,302 Bot stopped. Worked: 0:46:30.409395
2017-12-18 11:19:04,302 Total liked: 6
2017-12-18 11:19:04,302 Total requests: 118
2017-12-18 11:20:20,583 Instabot Started
2017-12-18 11:20:23,050 Login success as bpstudio96!
2017-12-18 11:26:35,786 Received 18 medias.
2017-12-18 11:26:35,787 After filtration 18 medias left.
2017-12-18 11:26:36,601 Follow followers of: 749060594
2017-12-18 11:26:41,203 Going to follow 654 users.
2017-12-18 11:33:03,575 Bot stopped. Worked: 1:00:29.682953
2017-12-18 11:33:03,576 Total liked: 7
2017-12-18 11:33:03,576 Total followed: 13
2017-12-18 11:33:03,576 Total requests: 594
2017-12-18 12:02:44,871 Instabot Started
2017-12-18 12:02:48,929 Login success as bpstudio96!
2017-12-18 12:02:49,439 Bot stopped. Worked: 1:30:15.546582
2017-12-18 12:02:49,439 Total liked: 7
2017-12-18 12:02:49,439 Total followed: 13
2017-12-18 12:02:49,439 Total requests: 594
2017-12-18 12:04:55,914 Instabot Started
2017-12-18 12:04:59,183 Login success as bpstudio96!
2017-12-18 12:05:00,847 Bot stopped. Worked: 1:32:26.954449
2017-12-18 12:05:00,847 Total liked: 7
2017-12-18 12:05:00,847 Total followed: 13
2017-12-18 12:05:00,847 Total requests: 595
2017-12-18 12:05:51,413 Instabot Started
2017-12-18 12:05:54,382 Login success as bpstudio96!
2017-12-18 12:07:10,466 Bot stopped. Worked: 1:34:36.573479
2017-12-18 12:07:10,466 Total liked: 7
2017-12-18 12:07:10,466 Total followed: 13
2017-12-18 12:07:10,467 Total requests: 689
2017-12-18 12:08:50,597 Instabot Started
2017-12-18 12:08:53,978 Login success as bpstudio96!
2017-12-18 12:10:49,306 Received 18 medias.
2017-12-18 12:10:49,306 After filtration 18 medias left.
2017-12-18 12:10:50,622 Follow followers of: 259957393
2017-12-18 12:11:00,866 Going to follow 1844 users.
2017-12-18 12:11:04,651 Bot stopped. Worked: 1:38:30.758280
2017-12-18 12:11:04,651 Total liked: 8
2017-12-18 12:11:04,651 Total followed: 13
2017-12-18 12:11:04,651 Total requests: 824
2017-12-18 12:12:46,625 Instabot Started
2017-12-18 12:12:52,380 Login success as bpstudio96!
2017-12-18 12:16:30,597 Received 18 medias.
2017-12-18 12:16:30,598 After filtration 18 medias left.
2017-12-18 12:16:31,821 Follow followers of: 1425346037
2017-12-18 12:16:34,374 Going to follow 392 users.
2017-12-18 12:32:59,658 Bot stopped. Worked: 2:00:25.765233
2017-12-18 12:32:59,662 Total liked: 9
2017-12-18 12:32:59,662 Total followed: 15
2017-12-18 12:32:59,662 Total requests: 1346
2017-12-18 12:33:15,525 Instabot Started
2017-12-18 12:33:19,414 Login success as bpstudio96!
2017-12-18 12:33:22,074 Bot stopped. Worked: 2:00:48.181493
2017-12-18 12:33:22,074 Total liked: 9
2017-12-18 12:33:22,074 Total followed: 15
2017-12-18 12:33:22,074 Total requests: 1347
2017-12-18 12:34:09,106 Instabot Started
2017-12-18 12:34:11,946 Login success as bpstudio96!
2017-12-18 12:34:13,071 Bot stopped. Worked: 2:01:39.178954
2017-12-18 12:34:13,072 Total liked: 9
2017-12-18 12:34:13,072 Total followed: 15
2017-12-18 12:34:13,072 Total requests: 1348
2017-12-18 12:34:56,995 Instabot Started
2017-12-18 12:35:00,073 Login success as bpstudio96!
2017-12-18 12:35:01,301 Bot stopped. Worked: 2:02:27.408590
2017-12-18 12:35:01,301 Total liked: 9
2017-12-18 12:35:01,301 Total followed: 15
2017-12-18 12:35:01,302 Total requests: 1349
2017-12-18 12:35:34,353 Instabot Started
2017-12-18 12:35:37,652 Login success as bpstudio96!
2017-12-18 12:35:39,086 Bot stopped. Worked: 2:03:05.193452
2017-12-18 12:35:39,086 Total liked: 9
2017-12-18 12:35:39,086 Total followed: 15
2017-12-18 12:35:39,086 Total requests: 1350
2017-12-18 12:36:09,931 Instabot Started
2017-12-18 12:36:12,779 Login success as bpstudio96!
2017-12-18 12:36:14,210 Bot stopped. Worked: 2:03:40.317852
2017-12-18 12:36:14,211 Total liked: 9
2017-12-18 12:36:14,211 Total followed: 15
2017-12-18 12:36:14,211 Total requests: 1351
2017-12-18 12:36:57,436 Instabot Started
2017-12-18 12:36:59,267 Login success as bpstudio96!
2017-12-18 12:37:00,904 Bot stopped. Worked: 2:04:27.011582
2017-12-18 12:37:00,904 Total liked: 9
2017-12-18 12:37:00,904 Total followed: 15
2017-12-18 12:37:00,905 Total requests: 1352
2017-12-18 12:39:40,079 Instabot Started
2017-12-18 12:39:42,332 Login success as bpstudio96!
2017-12-18 12:39:43,440 Bot stopped. Worked: 2:07:09.547732
2017-12-18 12:39:43,440 Total liked: 9
2017-12-18 12:39:43,441 Total followed: 15
2017-12-18 12:39:43,441 Total requests: 1353
2017-12-18 12:40:29,420 Instabot Started
2017-12-18 12:40:33,107 Login success as bpstudio96!
2017-12-18 12:40:34,232 Bot stopped. Worked: 2:08:00.339868
2017-12-18 12:40:34,232 Total liked: 9
2017-12-18 12:40:34,233 Total followed: 15
2017-12-18 12:40:34,233 Total requests: 1354
2017-12-18 12:42:28,267 Instabot Started
2017-12-18 12:42:31,586 Login success as bpstudio96!
2017-12-18 12:42:32,711 Bot stopped. Worked: 2:09:58.818957
2017-12-18 12:42:32,712 Total liked: 9
2017-12-18 12:42:32,712 Total followed: 15
2017-12-18 12:42:32,712 Total requests: 1355
2017-12-18 12:50:21,540 Instabot Started
2017-12-18 12:50:25,392 Login success as bpstudio96!
2017-12-18 12:53:45,999 Bot stopped. Worked: 2:21:12.106404
2017-12-18 12:53:45,999 Total liked: 9
2017-12-18 12:53:45,999 Total followed: 15
2017-12-18 12:53:45,999 Total requests: 1589
2017-12-18 13:12:02,274 Instabot Started
2017-12-18 13:12:06,193 Login success as itsmanagrowth!
